# JRE version: OpenJDK Runtime Environment (8.0_152) (build 1.8.0_152-release-1343-b16-5323222)
# Java VM: OpenJDK 64-Bit Server VM (25.152-b16-5323222 mixed mode linux-amd64 compressed oops)
Heap:
 PSYoungGen      total 346624K, used 0K [0x00000000e0000000, 0x0000000100000000, 0x0000000100000000)
  eden space 175104K, 0% used [0x00000000e0000000,0x00000000e0000000,0x00000000eab00000)
  from space 171520K, 0% used [0x00000000f5880000,0x00000000f5880000,0x0000000100000000)
  to   space 174592K, 0% used [0x00000000eab00000,0x00000000eab00000,0x00000000f5580000)
 ParOldGen       total 225280K, used 165097K [0x00000000a0000000, 0x00000000adc00000, 0x00000000e0000000)
  object space 225280K, 73% used [0x00000000a0000000,0x00000000aa13a4c0,0x00000000adc00000)
 Metaspace       used 109555K, capacity 116627K, committed 117272K, reserved 1150976K
  class space    used 13503K, capacity 14674K, committed 14888K, reserved 1048576K
GC Heap History (10 events):
Event: 4912.851 GC heap after
Heap after GC invocations=73 (full 5):
 PSYoungGen      total 366592K, used 107587K [0x00000000e0000000, 0x0000000100000000, 0x0000000100000000)
  eden space 234496K, 0% used [0x00000000e0000000,0x00000000e0000000,0x00000000ee500000)
  from space 132096K, 81% used [0x00000000f7700000,0x00000000fe010c00,0x00000000ff800000)
  to   space 144896K, 0% used [0x00000000ee500000,0x00000000ee500000,0x00000000f7280000)
 ParOldGen       total 225280K, used 179973K [0x00000000a0000000, 0x00000000adc00000, 0x00000000e0000000)
  object space 225280K, 79% used [0x00000000a0000000,0x00000000aafc1590,0x00000000adc00000)
 Metaspace       used 109417K, capacity 116557K, committed 117272K, reserved 1150976K
  class space    used 13499K, capacity 14675K, committed 14888K, reserved 1048576K
}
Event: 5329.411 GC heap before
{Heap before GC invocations=74 (full 5):
 PSYoungGen      total 366592K, used 342083K [0x00000000e0000000, 0x0000000100000000, 0x0000000100000000)
  eden space 234496K, 100% used [0x00000000e0000000,0x00000000ee500000,0x00000000ee500000)
  from space 132096K, 81% used [0x00000000f7700000,0x00000000fe010c00,0x00000000ff800000)
  to   space 144896K, 0% used [0x00000000ee500000,0x00000000ee500000,0x00000000f7280000)
 ParOldGen       total 225280K, used 179975K [0x00000000a0000000, 0x00000000adc00000, 0x00000000e0000000)
  object space 225280K, 79% used [0x00000000a0000000,0x00000000aafc1d68,0x00000000adc00000)
 Metaspace       used 109505K, capacity 116645K, committed 117272K, reserved 1150976K
  class space    used 13506K, capacity 14679K, committed 14888K, reserved 1048576K
Event: 5331.335 GC heap after
Heap after GC invocations=74 (full 5):
 PSYoungGen      total 331264K, used 96668K [0x00000000e0000000, 0x0000000100000000, 0x0000000100000000)
  eden space 234496K, 0% used [0x00000000e0000000,0x00000000e0000000,0x00000000ee500000)
  from space 96768K, 99% used [0x00000000ee500000,0x00000000f43670b0,0x00000000f4380000)
  to   space 151040K, 0% used [0x00000000f6c80000,0x00000000f6c80000,0x0000000100000000)
 ParOldGen       total 225280K, used 180071K [0x00000000a0000000, 0x00000000adc00000, 0x00000000e0000000)
  object space 225280K, 79% used [0x00000000a0000000,0x00000000aafd9d78,0x00000000adc00000)
 Metaspace       used 109505K, capacity 116645K, committed 117272K, reserved 1150976K
  class space    used 13506K, capacity 14679K, committed 14888K, reserved 1048576K
}
Event: 5370.156 GC heap before
{Heap before GC invocations=75 (full 5):
 PSYoungGen      total 331264K, used 331164K [0x00000000e0000000, 0x0000000100000000, 0x0000000100000000)
  eden space 234496K, 100% used [0x00000000e0000000,0x00000000ee500000,0x00000000ee500000)
  from space 96768K, 99% used [0x00000000ee500000,0x00000000f43670b0,0x00000000f4380000)
  to   space 151040K, 0% used [0x00000000f6c80000,0x00000000f6c80000,0x0000000100000000)
 ParOldGen       total 225280K, used 180071K [0x00000000a0000000, 0x00000000adc00000, 0x00000000e0000000)
  object space 225280K, 79% used [0x00000000a0000000,0x00000000aafd9d78,0x00000000adc00000)
 Metaspace       used 109586K, capacity 116673K, committed 117272K, reserved 1150976K
  class space    used 13510K, capacity 14685K, committed 14888K, reserved 1048576K
Event: 5371.493 GC heap after
Heap after GC invocations=75 (full 5):
 PSYoungGen      total 365056K, used 96367K [0x00000000e0000000, 0x0000000100000000, 0x0000000100000000)
  eden space 214016K, 0% used [0x00000000e0000000,0x00000000e0000000,0x00000000ed100000)
  from space 151040K, 63% used [0x00000000f6c80000,0x00000000fca9be30,0x0000000100000000)
  to   space 155136K, 0% used [0x00000000ed100000,0x00000000ed100000,0x00000000f6880000)
 ParOldGen       total 225280K, used 185706K [0x00000000a0000000, 0x00000000adc00000, 0x00000000e0000000)
  object space 225280K, 82% used [0x00000000a0000000,0x00000000ab55abe0,0x00000000adc00000)
 Metaspace       used 109586K, capacity 116673K, committed 117272K, reserved 1150976K
  class space    used 13510K, capacity 14685K, committed 14888K, reserved 1048576K
}
Event: 5373.792 GC heap before
{Heap before GC invocations=76 (full 5):
 PSYoungGen      total 365056K, used 310383K [0x00000000e0000000, 0x0000000100000000, 0x0000000100000000)
  eden space 214016K, 100% used [0x00000000e0000000,0x00000000ed100000,0x00000000ed100000)
  from space 151040K, 63% used [0x00000000f6c80000,0x00000000fca9be30,0x0000000100000000)
  to   space 155136K, 0% used [0x00000000ed100000,0x00000000ed100000,0x00000000f6880000)
 ParOldGen       total 225280K, used 185706K [0x00000000a0000000, 0x00000000adc00000, 0x00000000e0000000)
  object space 225280K, 82% used [0x00000000a0000000,0x00000000ab55abe0,0x00000000adc00000)
 Metaspace       used 109589K, capacity 116673K, committed 117272K, reserved 1150976K
  class space    used 13510K, capacity 14685K, committed 14888K, reserved 1048576K
Event: 5375.725 GC heap after
Heap after GC invocations=76 (full 5):
 PSYoungGen      total 352768K, used 138428K [0x00000000e0000000, 0x0000000100000000, 0x0000000100000000)
  eden space 214016K, 0% used [0x00000000e0000000,0x00000000e0000000,0x00000000ed100000)
  from space 138752K, 99% used [0x00000000ed100000,0x00000000f582f030,0x00000000f5880000)
  to   space 171520K, 0% used [0x00000000f5880000,0x00000000f5880000,0x0000000100000000)
 ParOldGen       total 225280K, used 190323K [0x00000000a0000000, 0x00000000adc00000, 0x00000000e0000000)
  object space 225280K, 84% used [0x00000000a0000000,0x00000000ab9dcc40,0x00000000adc00000)
 Metaspace       used 109589K, capacity 116673K, committed 117272K, reserved 1150976K
  class space    used 13510K, capacity 14685K, committed 14888K, reserved 1048576K
}
Event: 5377.320 GC heap before
{Heap before GC invocations=77 (full 5):
 PSYoungGen      total 352768K, used 352444K [0x00000000e0000000, 0x0000000100000000, 0x0000000100000000)
  eden space 214016K, 100% used [0x00000000e0000000,0x00000000ed100000,0x00000000ed100000)
  from space 138752K, 99% used [0x00000000ed100000,0x00000000f582f030,0x00000000f5880000)
  to   space 171520K, 0% used [0x00000000f5880000,0x00000000f5880000,0x0000000100000000)
 ParOldGen       total 225280K, used 190323K [0x00000000a0000000, 0x00000000adc00000, 0x00000000e0000000)
  object space 225280K, 84% used [0x00000000a0000000,0x00000000ab9dcc40,0x00000000adc00000)
 Metaspace       used 109592K, capacity 116673K, committed 117272K, reserved 1150976K
  class space    used 13510K, capacity 14685K, committed 14888K, reserved 1048576K
Event: 5383.252 GC heap after
Heap after GC invocations=77 (full 5):
 PSYoungGen      total 346624K, used 167445K [0x00000000e0000000, 0x0000000100000000, 0x0000000100000000)
  eden space 175104K, 0% used [0x00000000e0000000,0x00000000e0000000,0x00000000eab00000)
  from space 171520K, 97% used [0x00000000f5880000,0x00000000ffc05550,0x0000000100000000)
  to   space 174592K, 0% used [0x00000000eab00000,0x00000000eab00000,0x00000000f5580000)
 ParOldGen       total 225280K, used 204716K [0x00000000a0000000, 0x00000000adc00000, 0x00000000e0000000)
  object space 225280K, 90% used [0x00000000a0000000,0x00000000ac7eb3b8,0x00000000adc00000)
 Metaspace       used 109592K, capacity 116673K, committed 117272K, reserved 1150976K
  class space    used 13510K, capacity 14685K, committed 14888K, reserved 1048576K
}
Event: 5383.620 GC heap before
{Heap before GC invocations=78 (full 6):
 PSYoungGen      total 346624K, used 167445K [0x00000000e0000000, 0x0000000100000000, 0x0000000100000000)
  eden space 175104K, 0% used [0x00000000e0000000,0x00000000e0000000,0x00000000eab00000)
  from space 171520K, 97% used [0x00000000f5880000,0x00000000ffc05550,0x0000000100000000)
  to   space 174592K, 0% used [0x00000000eab00000,0x00000000eab00000,0x00000000f5580000)
 ParOldGen       total 225280K, used 204716K [0x00000000a0000000, 0x00000000adc00000, 0x00000000e0000000)
  object space 225280K, 90% used [0x00000000a0000000,0x00000000ac7eb3b8,0x00000000adc00000)
 Metaspace       used 109592K, capacity 116673K, committed 117272K, reserved 1150976K
  class space    used 13510K, capacity 14685K, committed 14888K, reserved 1048576K

